C:\USERS\26326\DOCUMENTS\VISUAL STUDIO 2012\PROJECTS\PROMAN\PROMAN\DEBUG\MANANGER.OBJ
C:\USERS\26326\DOCUMENTS\VISUAL STUDIO 2012\PROJECTS\PROMAN\PROMAN\DEBUG\PCB.OBJ
C:\USERS\26326\DOCUMENTS\VISUAL STUDIO 2012\PROJECTS\PROMAN\PROMAN\DEBUG\PROCESS.OBJ
C:\USERS\26326\DOCUMENTS\VISUAL STUDIO 2012\PROJECTS\PROMAN\PROMAN\DEBUG\SHELL.OBJ
C:\USERS\26326\DOCUMENTS\VISUAL STUDIO 2012\PROJECTS\PROMAN\PROMAN\DEBUG\VC110.PDB
C:\USERS\26326\DOCUMENTS\VISUAL STUDIO 2012\PROJECTS\PROMAN\DEBUG\PROMAN.ILK
C:\USERS\26326\DOCUMENTS\VISUAL STUDIO 2012\PROJECTS\PROMAN\DEBUG\PROMAN.EXE
C:\USERS\26326\DOCUMENTS\VISUAL STUDIO 2012\PROJECTS\PROMAN\DEBUG\PROMAN.PDB
C:\Users\26326\documents\visual studio 2012\Projects\ProMan\ProMan\Debug\Mananger.obj
C:\Users\26326\documents\visual studio 2012\Projects\ProMan\ProMan\Debug\Pcb.obj
C:\Users\26326\documents\visual studio 2012\Projects\ProMan\ProMan\Debug\Process.obj
C:\Users\26326\documents\visual studio 2012\Projects\ProMan\ProMan\Debug\shell.obj
C:\Users\26326\documents\visual studio 2012\Projects\ProMan\ProMan\Debug\cl.command.1.tlog
C:\Users\26326\documents\visual studio 2012\Projects\ProMan\ProMan\Debug\CL.read.1.tlog
C:\Users\26326\documents\visual studio 2012\Projects\ProMan\ProMan\Debug\CL.write.1.tlog
C:\Users\26326\documents\visual studio 2012\Projects\ProMan\ProMan\Debug\link-cvtres.read.1.tlog
C:\Users\26326\documents\visual studio 2012\Projects\ProMan\ProMan\Debug\link-cvtres.write.1.tlog
C:\Users\26326\documents\visual studio 2012\Projects\ProMan\ProMan\Debug\link-rc.read.1.tlog
C:\Users\26326\documents\visual studio 2012\Projects\ProMan\ProMan\Debug\link-rc.write.1.tlog
C:\Users\26326\documents\visual studio 2012\Projects\ProMan\ProMan\Debug\link.command.1.tlog
C:\Users\26326\documents\visual studio 2012\Projects\ProMan\ProMan\Debug\link.read.1.tlog
C:\Users\26326\documents\visual studio 2012\Projects\ProMan\ProMan\Debug\link.write.1.tlog
C:\Users\26326\documents\visual studio 2012\Projects\ProMan\ProMan\Debug\vc110.idb
C:\Users\26326\documents\visual studio 2012\Projects\ProMan\ProMan\Debug\vc110.pdb
C:\Users\26326\documents\visual studio 2012\Projects\ProMan\Debug\ProMan.pdb
C:\Users\26326\documents\visual studio 2012\Projects\ProMan\Debug\ProMan.exe
C:\Users\26326\documents\visual studio 2012\Projects\ProMan\Debug\ProMan.ilk
